[2026-03-07 23:34:27 UTC] run=1 primary='**Daily cash task:** close one short-cycle offer (lead pack, template pack, quick script fix).' artifact='departments/finance/artifacts/offers/short-cycle-offer-20260307-r1.md' blocking=3 queue=6
[2026-03-07 23:46:41 UTC] run=2 primary='**Recurring income task:** build/iterate one monthly-retainer style product offer.' artifact='departments/finance/artifacts/retainers/monthly-retainer-20260307-r2.md' blocking=3 queue=6
[2026-03-07 23:56:53 UTC] run=3 primary='**Pipeline expansion:** scrape 50 new solar wholesalers for outreach expansion.' artifact='departments/finance/artifacts/pipeline/solar-wholesalers-50-20260307-r3.csv' blocking=3 queue=6
[2026-03-08 00:16:42 UTC] run=4 primary='' artifact='departments/finance/artifacts/notes/no-autonomous-task-queued-20260308-r4.md' blocking=0 queue=0
[2026-03-08 00:22:22 UTC] run=5 primary='' artifact='departments/finance/artifacts/notes/no-autonomous-task-queued-20260308-r5.md' blocking=0 queue=0
[2026-03-08 00:42:35 UTC] run=6 primary='' artifact='departments/finance/artifacts/notes/no-autonomous-task-queued-20260308-r6.md' blocking=0 queue=0
[2026-03-08 00:46:40 UTC] run=7 primary='' artifact='departments/finance/artifacts/notes/no-autonomous-task-queued-20260308-r7.md' blocking=0 queue=0
[2026-03-08 01:17:07 UTC] run=8 primary='' artifact='departments/finance/artifacts/notes/no-autonomous-task-queued-20260308-r8.md' blocking=0 queue=0
[2026-03-08 01:46:54 UTC] run=9 primary='' artifact='departments/finance/artifacts/notes/no-autonomous-task-queued-20260308-r9.md' blocking=0 queue=0
[2026-03-08 02:17:13 UTC] run=10 primary='' artifact='departments/finance/artifacts/notes/no-autonomous-task-queued-20260308-r10.md' blocking=0 queue=0
[2026-03-08 02:22:23 UTC] run=11 primary='' artifact='departments/finance/artifacts/notes/no-autonomous-task-queued-20260308-r11.md' blocking=0 queue=0
[2026-03-08 02:46:47 UTC] run=12 primary='' artifact='departments/finance/artifacts/notes/no-autonomous-task-queued-20260308-r12.md' blocking=0 queue=0
[2026-03-08 03:16:42 UTC] run=13 primary='' artifact='departments/finance/artifacts/notes/no-autonomous-task-queued-20260308-r13.md' blocking=0 queue=0
[2026-03-08 03:46:39 UTC] run=14 primary='' artifact='departments/finance/artifacts/notes/no-autonomous-task-queued-20260308-r14.md' blocking=0 queue=0
[2026-03-08 04:16:59 UTC] run=15 primary='' artifact='departments/finance/artifacts/notes/no-autonomous-task-queued-20260308-r15.md' blocking=0 queue=0
[2026-03-08 04:22:25 UTC] run=16 primary='' artifact='departments/finance/artifacts/notes/no-autonomous-task-queued-20260308-r16.md' blocking=0 queue=0
[2026-03-08 04:46:41 UTC] run=17 primary='' artifact='departments/finance/artifacts/notes/no-autonomous-task-queued-20260308-r17.md' blocking=0 queue=0
[2026-03-08 05:17:28 UTC] run=18 primary='' artifact='departments/finance/artifacts/notes/no-autonomous-task-queued-20260308-r18.md' blocking=0 queue=0
[2026-03-08 05:46:49 UTC] run=19 primary='' artifact='departments/finance/artifacts/notes/no-autonomous-task-queued-20260308-r19.md' blocking=0 queue=0
[2026-03-08 06:17:08 UTC] run=20 primary='' artifact='departments/finance/artifacts/notes/no-autonomous-task-queued-20260308-r20.md' blocking=0 queue=0
[2026-03-08 06:22:40 UTC] run=21 primary='' artifact='departments/finance/artifacts/notes/no-autonomous-task-queued-20260308-r21.md' blocking=0 queue=0
[2026-03-08 06:46:53 UTC] run=22 primary='' artifact='departments/finance/artifacts/notes/no-autonomous-task-queued-20260308-r22.md' blocking=0 queue=0
[2026-03-08 07:15:36 UTC] run=23 primary='' artifact='departments/finance/artifacts/notes/no-autonomous-task-queued-20260308-r23.md' blocking=0 queue=0
[2026-03-08 07:16:39 UTC] run=24 primary='' artifact='departments/finance/artifacts/notes/no-autonomous-task-queued-20260308-r24.md' blocking=0 queue=0
[2026-03-08 07:27:41 UTC] run=25 primary='Review cold email templates for GDPR/CAN-SPAM compliance' artifact='departments/finance/artifacts/compliance/compliance-check-20260308-r25.md' blocking=1 queue=15
[2026-03-08 07:28:30 UTC] run=26 primary='Verify email footer includes address + unsubscribe link' artifact='departments/finance/artifacts/compliance/compliance-check-20260308-r26.md' blocking=1 queue=15
[2026-03-08 07:44:42 UTC] run=27 primary='Test unsubscribe flow end-to-end' artifact='departments/finance/artifacts/compliance/compliance-check-20260308-r27.md' blocking=0 queue=15
[2026-03-08 07:45:00 UTC] run=28 primary='Confirm suppression list is operational' artifact='departments/finance/artifacts/compliance/compliance-check-20260308-r28.md' blocking=0 queue=15
[2026-03-08 07:46:07 UTC] run=29 primary='Document approved public B2B data sources' artifact='departments/finance/artifacts/compliance/compliance-check-20260308-r29.md' blocking=0 queue=15
[2026-03-08 07:47:32 UTC] run=30 primary='Lock the first ICP: founder-led B2B agencies with 5-30 employees, prioritizing SEO, paid ads, web/dev, automation, and RevOps agencies' artifact='departments/finance/artifacts/icp/primary-icp-20260308-r30.md' blocking=0 queue=15
[2026-03-08 07:47:41 UTC] run=31 primary='Write the one-line sales promise for the core service offer' artifact='departments/finance/artifacts/offers/core-service-offer-20260308-r31.md' blocking=0 queue=15
[2026-03-08 08:17:17 UTC] run=32 primary='Build the first 100-company target list for the chosen ICP, starting with a 20-company tranche that meets the hard filters in CORE-OFFER.md' artifact='departments/finance/artifacts/pipeline/founder-led-agencies-first-20-20260308-r32.csv' blocking=0 queue=15
[2026-03-08 08:24:29 UTC] run=33 primary='Extract company name, website, segment, decision-maker, title, work email or verified contact path, LinkedIn URL, and fit notes' artifact='departments/finance/artifacts/pipeline/founder-led-agencies-first-20-20260308-r33.csv' blocking=0 queue=15
[2026-03-08 08:47:12 UTC] run=34 primary='Filter out personal emails, low-ticket businesses, solo operators, giant agencies, and weak-fit prospects' artifact='departments/finance/artifacts/notes/filter-out-personal-emails-low-ticket-businesses-solo-operators--20260308-r34.md' blocking=0 queue=15
[2026-03-08 09:17:31 UTC] run=35 primary='Prepare the first outreach batch with personalized first lines for the first 20 qualified companies' artifact='departments/finance/artifacts/outreach/outreach-draft-20260308-r35.md' blocking=0 queue=15
[2026-03-08 09:47:19 UTC] run=36 primary='Set the Week 1 KPI chain: researched accounts, verified contacts, emails sent, replies, demos, closes, complaint rate' artifact='departments/finance/artifacts/offers/core-service-offer-20260308-r36.md' blocking=0 queue=15
[2026-03-08 10:17:19 UTC] run=37 primary='Prepare the 15-minute demo script around 3 sample agency prospects' artifact='departments/finance/artifacts/demos/demo-script-20260308-r37.md' blocking=0 queue=15
[2026-03-08 10:23:56 UTC] run=38 primary='Define the initial delivery checklist for the first paying client' artifact='departments/finance/artifacts/delivery/first-client-checklist-20260308-r38.md' blocking=0 queue=15
[2026-03-08 10:47:08 UTC] run=39 primary='Scan GitHub bounties in Ansible, Linux, DevOps, and automation as side cash only' artifact='departments/finance/artifacts/bounties/bounty-scan-20260308-r39.md' blocking=0 queue=15
[2026-03-08 11:17:47 UTC] run=40 primary='Review cold email templates for GDPR/CAN-SPAM compliance' artifact='departments/finance/artifacts/compliance/compliance-check-20260308-r40.md' blocking=0 queue=15
[2026-03-08 11:48:04 UTC] run=41 primary='Verify email footer includes address + unsubscribe link' artifact='departments/finance/artifacts/compliance/compliance-check-20260308-r41.md' blocking=0 queue=15
[2026-03-08 12:16:50 UTC] run=42 primary='Test unsubscribe flow end-to-end' artifact='departments/finance/artifacts/compliance/compliance-check-20260308-r42.md' blocking=0 queue=15
[2026-03-08 12:23:45 UTC] run=43 primary='Confirm suppression list is operational' artifact='departments/finance/artifacts/compliance/compliance-check-20260308-r43.md' blocking=0 queue=15
[2026-03-08 12:46:53 UTC] run=44 primary='Document approved public B2B data sources' artifact='departments/finance/artifacts/compliance/compliance-check-20260308-r44.md' blocking=0 queue=15
[2026-03-08 13:16:53 UTC] run=45 primary='Lock the first ICP: founder-led B2B agencies with 5-30 employees, prioritizing SEO, paid ads, web/dev, automation, and RevOps agencies' artifact='departments/finance/artifacts/icp/primary-icp-20260308-r45.md' blocking=0 queue=15
[2026-03-08 13:47:26 UTC] run=46 primary='Write the one-line sales promise for the core service offer' artifact='departments/finance/artifacts/offers/core-service-offer-20260308-r46.md' blocking=0 queue=15
[2026-03-08 14:19:59 UTC] run=47 primary='Build the first 100-company target list for the chosen ICP, starting with a 20-company tranche that meets the hard filters in CORE-OFFER.md' artifact='departments/finance/artifacts/pipeline/founder-led-agencies-first-20-20260308-r47.csv' blocking=0 queue=15
[2026-03-08 14:24:05 UTC] run=48 primary='Extract company name, website, segment, decision-maker, title, work email or verified contact path, LinkedIn URL, and fit notes' artifact='departments/finance/artifacts/pipeline/founder-led-agencies-first-20-20260308-r48.csv' blocking=0 queue=15
[2026-03-08 14:49:58 UTC] run=49 primary='Filter out personal emails, low-ticket businesses, solo operators, giant agencies, and weak-fit prospects' artifact='departments/finance/artifacts/notes/filter-out-personal-emails-low-ticket-businesses-solo-operators--20260308-r49.md' blocking=0 queue=15
[2026-03-08 15:19:53 UTC] run=50 primary='Prepare the first outreach batch with personalized first lines for the first 20 qualified companies' artifact='departments/finance/artifacts/outreach/outreach-draft-20260308-r50.md' blocking=0 queue=15
[2026-03-08 15:49:54 UTC] run=51 primary='Set the Week 1 KPI chain: researched accounts, verified contacts, emails sent, replies, demos, closes, complaint rate' artifact='departments/finance/artifacts/offers/core-service-offer-20260308-r51.md' blocking=0 queue=15
[2026-03-08 16:20:04 UTC] run=52 primary='Prepare the 15-minute demo script around 3 sample agency prospects' artifact='departments/finance/artifacts/demos/demo-script-20260308-r52.md' blocking=0 queue=15
[2026-03-08 16:23:55 UTC] run=53 primary='Define the initial delivery checklist for the first paying client' artifact='departments/finance/artifacts/delivery/first-client-checklist-20260308-r53.md' blocking=0 queue=15
[2026-03-08 16:49:52 UTC] run=54 primary='Scan GitHub bounties in Ansible, Linux, DevOps, and automation as side cash only' artifact='departments/finance/artifacts/bounties/bounty-scan-20260308-r54.md' blocking=0 queue=15
[2026-03-08 17:19:55 UTC] run=55 primary='Review cold email templates for GDPR/CAN-SPAM compliance' artifact='departments/finance/artifacts/compliance/compliance-check-20260308-r55.md' blocking=0 queue=15
[2026-03-08 17:50:23 UTC] run=56 primary='Verify email footer includes address + unsubscribe link' artifact='departments/finance/artifacts/compliance/compliance-check-20260308-r56.md' blocking=0 queue=15
[2026-03-08 18:19:52 UTC] run=57 primary='Test unsubscribe flow end-to-end' artifact='departments/finance/artifacts/compliance/compliance-check-20260308-r57.md' blocking=0 queue=15
[2026-03-08 18:23:42 UTC] run=58 primary='Confirm suppression list is operational' artifact='departments/finance/artifacts/compliance/compliance-check-20260308-r58.md' blocking=0 queue=15
[2026-03-08 18:50:04 UTC] run=59 primary='Document approved public B2B data sources' artifact='departments/finance/artifacts/compliance/compliance-check-20260308-r59.md' blocking=0 queue=15
[2026-03-08 19:20:30 UTC] run=60 primary='Lock the first ICP: founder-led B2B agencies with 5-30 employees, prioritizing SEO, paid ads, web/dev, automation, and RevOps agencies' artifact='departments/finance/artifacts/icp/primary-icp-20260308-r60.md' blocking=0 queue=15
[2026-03-08 19:49:54 UTC] run=61 primary='Write the one-line sales promise for the core service offer' artifact='departments/finance/artifacts/offers/core-service-offer-20260308-r61.md' blocking=0 queue=15
[2026-03-08 20:20:11 UTC] run=62 primary='Build the first 100-company target list for the chosen ICP, starting with a 20-company tranche that meets the hard filters in CORE-OFFER.md' artifact='departments/finance/artifacts/pipeline/founder-led-agencies-first-20-20260308-r62.csv' blocking=0 queue=15
[2026-03-08 20:23:45 UTC] run=63 primary='Extract company name, website, segment, decision-maker, title, work email or verified contact path, LinkedIn URL, and fit notes' artifact='departments/finance/artifacts/pipeline/founder-led-agencies-first-20-20260308-r63.csv' blocking=0 queue=15
[2026-03-08 20:49:53 UTC] run=64 primary='Filter out personal emails, low-ticket businesses, solo operators, giant agencies, and weak-fit prospects' artifact='departments/finance/artifacts/notes/filter-out-personal-emails-low-ticket-businesses-solo-operators--20260308-r64.md' blocking=0 queue=15
[2026-03-08 21:19:53 UTC] run=65 primary='Prepare the first outreach batch with personalized first lines for the first 20 qualified companies' artifact='departments/finance/artifacts/outreach/outreach-draft-20260308-r65.md' blocking=0 queue=15
[2026-03-08 21:49:53 UTC] run=66 primary='Set the Week 1 KPI chain: researched accounts, verified contacts, emails sent, replies, demos, closes, complaint rate' artifact='departments/finance/artifacts/offers/core-service-offer-20260308-r66.md' blocking=0 queue=15
[2026-03-08 22:19:56 UTC] run=67 primary='Prepare the 15-minute demo script around 3 sample agency prospects' artifact='departments/finance/artifacts/demos/demo-script-20260308-r67.md' blocking=0 queue=15
[2026-03-08 22:23:58 UTC] run=68 primary='Define the initial delivery checklist for the first paying client' artifact='departments/finance/artifacts/delivery/first-client-checklist-20260308-r68.md' blocking=0 queue=15
[2026-03-08 22:49:54 UTC] run=69 primary='Scan GitHub bounties in Ansible, Linux, DevOps, and automation as side cash only' artifact='departments/finance/artifacts/bounties/bounty-scan-20260308-r69.md' blocking=0 queue=15
[2026-03-08 23:20:17 UTC] run=70 primary='Review cold email templates for GDPR/CAN-SPAM compliance' artifact='departments/finance/artifacts/compliance/compliance-check-20260308-r70.md' blocking=0 queue=15
[2026-03-08 23:51:00 UTC] run=71 primary='Verify email footer includes address + unsubscribe link' artifact='departments/finance/artifacts/compliance/compliance-check-20260308-r71.md' blocking=0 queue=15
[2026-03-09 00:41:27 UTC] run=72 primary='Test unsubscribe flow end-to-end' artifact='departments/finance/artifacts/compliance/compliance-check-20260309-r72.md' blocking=0 queue=15
[2026-03-09 01:13:03 UTC] run=73 primary='Confirm suppression list is operational' artifact='departments/finance/artifacts/compliance/compliance-check-20260309-r73.md' blocking=0 queue=15
[2026-03-09 01:48:44 UTC] run=74 primary='Document approved public B2B data sources' artifact='departments/finance/artifacts/compliance/compliance-check-20260309-r74.md' blocking=0 queue=15
[2026-03-09 02:29:05 UTC] run=75 primary='Lock the first ICP: founder-led B2B agencies with 5-30 employees, prioritizing SEO, paid ads, web/dev, automation, and RevOps agencies' artifact='departments/finance/artifacts/icp/primary-icp-20260309-r75.md' blocking=0 queue=15
[2026-03-09 02:58:52 UTC] run=76 primary='Write the one-line sales promise for the core service offer' artifact='departments/finance/artifacts/offers/core-service-offer-20260309-r76.md' blocking=0 queue=15
[2026-03-09 03:29:10 UTC] run=77 primary='Build the first 100-company target list for the chosen ICP, starting with a 20-company tranche that meets the hard filters in CORE-OFFER.md' artifact='departments/finance/artifacts/pipeline/founder-led-agencies-first-20-20260309-r77.csv' blocking=0 queue=15
[2026-03-09 03:59:30 UTC] run=78 primary='Extract company name, website, segment, decision-maker, title, work email or verified contact path, LinkedIn URL, and fit notes' artifact='departments/finance/artifacts/pipeline/founder-led-agencies-first-20-20260309-r78.csv' blocking=0 queue=15
[2026-03-09 04:28:53 UTC] run=79 primary='Filter out personal emails, low-ticket businesses, solo operators, giant agencies, and weak-fit prospects' artifact='departments/finance/artifacts/notes/filter-out-personal-emails-low-ticket-businesses-solo-operators--20260309-r79.md' blocking=0 queue=15
[2026-03-09 04:41:31 UTC] run=80 primary='Prepare the first outreach batch with personalized first lines for the first 20 qualified companies' artifact='departments/finance/artifacts/outreach/outreach-draft-20260309-r80.md' blocking=0 queue=15
[2026-03-09 04:58:53 UTC] run=81 primary='Set the Week 1 KPI chain: researched accounts, verified contacts, emails sent, replies, demos, closes, complaint rate' artifact='departments/finance/artifacts/offers/core-service-offer-20260309-r81.md' blocking=0 queue=15
[2026-03-09 05:28:52 UTC] run=82 primary='Prepare the 15-minute demo script around 3 sample agency prospects' artifact='departments/finance/artifacts/demos/demo-script-20260309-r82.md' blocking=0 queue=15
[2026-03-09 05:59:00 UTC] run=83 primary='Define the initial delivery checklist for the first paying client' artifact='departments/finance/artifacts/delivery/first-client-checklist-20260309-r83.md' blocking=0 queue=15
[2026-03-09 06:28:52 UTC] run=84 primary='Scan GitHub bounties in Ansible, Linux, DevOps, and automation as side cash only' artifact='departments/finance/artifacts/bounties/bounty-scan-20260309-r84.md' blocking=0 queue=15
[2026-03-09 06:41:31 UTC] run=85 primary='Review cold email templates for GDPR/CAN-SPAM compliance' artifact='departments/finance/artifacts/compliance/compliance-check-20260309-r85.md' blocking=0 queue=15
[2026-03-09 06:58:51 UTC] run=86 primary='Verify email footer includes address + unsubscribe link' artifact='departments/finance/artifacts/compliance/compliance-check-20260309-r86.md' blocking=0 queue=15
[2026-03-09 07:32:50 UTC] run=87 primary='Test unsubscribe flow end-to-end' artifact='departments/finance/artifacts/compliance/compliance-check-20260309-r87.md' blocking=0 queue=15
[2026-03-09 07:35:57 UTC] run=88 primary='Confirm suppression list is operational' artifact='departments/finance/artifacts/compliance/compliance-check-20260309-r88.md' blocking=0 queue=15
[2026-03-09 07:59:11 UTC] run=89 primary='Document approved public B2B data sources' artifact='departments/finance/artifacts/compliance/compliance-check-20260309-r89.md' blocking=0 queue=15
[2026-03-09 08:29:39 UTC] run=90 primary='Lock the first ICP: founder-led B2B agencies with 5-30 employees, prioritizing SEO, paid ads, web/dev, automation, and RevOps agencies' artifact='departments/finance/artifacts/icp/primary-icp-20260309-r90.md' blocking=0 queue=15
[2026-03-09 08:41:32 UTC] run=91 primary='Write the one-line sales promise for the core service offer' artifact='departments/finance/artifacts/offers/core-service-offer-20260309-r91.md' blocking=0 queue=15
[2026-03-09 08:59:05 UTC] run=92 primary='Build the first 100-company target list for the chosen ICP, starting with a 20-company tranche that meets the hard filters in CORE-OFFER.md' artifact='departments/finance/artifacts/pipeline/founder-led-agencies-first-20-20260309-r92.csv' blocking=0 queue=15
[2026-03-09 09:33:00 UTC] run=93 primary='Extract company name, website, segment, decision-maker, title, work email or verified contact path, LinkedIn URL, and fit notes' artifact='departments/finance/artifacts/pipeline/founder-led-agencies-first-20-20260309-r93.csv' blocking=0 queue=15
[2026-03-09 10:00:31 UTC] run=94 primary='Filter out personal emails, low-ticket businesses, solo operators, giant agencies, and weak-fit prospects' artifact='departments/finance/artifacts/notes/filter-out-personal-emails-low-ticket-businesses-solo-operators--20260309-r94.md' blocking=0 queue=15
[2026-03-09 10:30:03 UTC] run=95 primary='Prepare the first outreach batch with personalized first lines for the first 20 qualified companies' artifact='departments/finance/artifacts/outreach/outreach-draft-20260309-r95.md' blocking=0 queue=15
[2026-03-09 10:41:32 UTC] run=96 primary='Set the Week 1 KPI chain: researched accounts, verified contacts, emails sent, replies, demos, closes, complaint rate' artifact='departments/finance/artifacts/offers/core-service-offer-20260309-r96.md' blocking=0 queue=15
[2026-03-09 10:59:47 UTC] run=97 primary='Prepare the 15-minute demo script around 3 sample agency prospects' artifact='departments/finance/artifacts/demos/demo-script-20260309-r97.md' blocking=0 queue=15
[2026-03-09 11:28:57 UTC] run=98 primary='Define the initial delivery checklist for the first paying client' artifact='departments/finance/artifacts/delivery/first-client-checklist-20260309-r98.md' blocking=0 queue=15
[2026-03-09 11:59:14 UTC] run=99 primary='Scan GitHub bounties in Ansible, Linux, DevOps, and automation as side cash only' artifact='departments/finance/artifacts/bounties/bounty-scan-20260309-r99.md' blocking=0 queue=15
[2026-03-09 12:29:03 UTC] run=100 primary='Review cold email templates for GDPR/CAN-SPAM compliance' artifact='departments/finance/artifacts/compliance/compliance-check-20260309-r100.md' blocking=0 queue=15
[2026-03-09 12:41:41 UTC] run=101 primary='Verify email footer includes address + unsubscribe link' artifact='departments/finance/artifacts/compliance/compliance-check-20260309-r101.md' blocking=0 queue=15
[2026-03-09 13:02:43 UTC] run=102 primary='Test unsubscribe flow end-to-end' artifact='departments/finance/artifacts/compliance/compliance-check-20260309-r102.md' blocking=0 queue=15
[2026-03-09 13:29:03 UTC] run=103 primary='Confirm suppression list is operational' artifact='departments/finance/artifacts/compliance/compliance-check-20260309-r103.md' blocking=0 queue=15
[2026-03-09 14:00:24 UTC] run=104 primary='Document approved public B2B data sources' artifact='departments/finance/artifacts/compliance/compliance-check-20260309-r104.md' blocking=0 queue=15
[2026-03-09 14:55:22 UTC] run=105 primary='Lock the first ICP: founder-led B2B agencies with 5-30 employees, prioritizing SEO, paid ads, web/dev, automation, and RevOps agencies' artifact='departments/finance/artifacts/icp/primary-icp-20260309-r105.md' blocking=0 queue=15
[2026-03-09 15:00:18 UTC] run=106 primary='Write the one-line sales promise for the core service offer' artifact='departments/finance/artifacts/offers/core-service-offer-20260309-r106.md' blocking=0 queue=15
[2026-03-09 15:25:24 UTC] run=107 primary='Build the first 100-company target list for the chosen ICP, starting with a 20-company tranche that meets the hard filters in CORE-OFFER.md' artifact='departments/finance/artifacts/pipeline/founder-led-agencies-first-20-20260309-r107.csv' blocking=0 queue=15
[2026-03-09 15:57:59 UTC] run=108 primary='Extract company name, website, segment, decision-maker, title, work email or verified contact path, LinkedIn URL, and fit notes' artifact='departments/finance/artifacts/pipeline/founder-led-agencies-first-20-20260309-r108.csv' blocking=0 queue=15
[2026-03-09 16:27:49 UTC] run=109 primary='Filter out personal emails, low-ticket businesses, solo operators, giant agencies, and weak-fit prospects' artifact='departments/finance/artifacts/notes/filter-out-personal-emails-low-ticket-businesses-solo-operators--20260309-r109.md' blocking=0 queue=15
[2026-03-09 17:00:20 UTC] run=110 primary='Prepare the first outreach batch with personalized first lines for the first 20 qualified companies' artifact='departments/finance/artifacts/outreach/outreach-draft-20260309-r110.md' blocking=0 queue=15
[2026-03-09 17:01:57 UTC] run=111 primary='Set the Week 1 KPI chain: researched accounts, verified contacts, emails sent, replies, demos, closes, complaint rate' artifact='departments/finance/artifacts/offers/core-service-offer-20260309-r111.md' blocking=0 queue=15
[2026-03-09 17:32:37 UTC] run=112 primary='Prepare the 15-minute demo script around 3 sample agency prospects' artifact='departments/finance/artifacts/demos/demo-script-20260309-r112.md' blocking=0 queue=15
[2026-03-09 18:07:26 UTC] run=113 primary='Define the initial delivery checklist for the first paying client' artifact='departments/finance/artifacts/delivery/first-client-checklist-20260309-r113.md' blocking=0 queue=15
[2026-03-09 18:52:35 UTC] run=114 primary='Scan GitHub bounties in Ansible, Linux, DevOps, and automation as side cash only' artifact='departments/finance/artifacts/bounties/bounty-scan-20260309-r114.md' blocking=0 queue=15
[2026-03-09 19:00:13 UTC] run=115 primary='Review cold email templates for GDPR/CAN-SPAM compliance' artifact='departments/finance/artifacts/compliance/compliance-check-20260309-r115.md' blocking=0 queue=15
[2026-03-09 19:22:40 UTC] run=116 primary='Verify email footer includes address + unsubscribe link' artifact='departments/finance/artifacts/compliance/compliance-check-20260309-r116.md' blocking=0 queue=15
[2026-03-09 20:02:46 UTC] run=117 primary='Test unsubscribe flow end-to-end' artifact='departments/finance/artifacts/compliance/compliance-check-20260309-r117.md' blocking=0 queue=15
[2026-03-09 20:34:02 UTC] run=118 primary='Confirm suppression list is operational' artifact='departments/finance/artifacts/compliance/compliance-check-20260309-r118.md' blocking=0 queue=15
[2026-03-09 20:56:50 UTC] run=119 primary='Document approved public B2B data sources' artifact='departments/finance/artifacts/compliance/compliance-check-20260309-r119.md' blocking=0 queue=15
[2026-03-09 21:03:01 UTC] run=120 primary='Lock the first ICP: founder-led B2B agencies with 5-30 employees, prioritizing SEO, paid ads, web/dev, automation, and RevOps agencies' artifact='departments/finance/artifacts/icp/primary-icp-20260309-r120.md' blocking=0 queue=15
[2026-03-09 21:32:43 UTC] run=121 primary='Write the one-line sales promise for the core service offer' artifact='departments/finance/artifacts/offers/core-service-offer-20260309-r121.md' blocking=0 queue=15
[2026-03-09 22:02:43 UTC] run=122 primary='Build the first 100-company target list for the chosen ICP, starting with a 20-company tranche that meets the hard filters in CORE-OFFER.md' artifact='departments/finance/artifacts/pipeline/founder-led-agencies-first-20-20260309-r122.csv' blocking=0 queue=15
[2026-03-09 22:32:42 UTC] run=123 primary='Extract company name, website, segment, decision-maker, title, work email or verified contact path, LinkedIn URL, and fit notes' artifact='departments/finance/artifacts/pipeline/founder-led-agencies-first-20-20260309-r123.csv' blocking=0 queue=15
[2026-03-09 22:56:50 UTC] run=124 primary='Filter out personal emails, low-ticket businesses, solo operators, giant agencies, and weak-fit prospects' artifact='departments/finance/artifacts/notes/filter-out-personal-emails-low-ticket-businesses-solo-operators--20260309-r124.md' blocking=0 queue=15
[2026-03-09 23:02:51 UTC] run=125 primary='Prepare the first outreach batch with personalized first lines for the first 20 qualified companies' artifact='departments/finance/artifacts/outreach/outreach-draft-20260309-r125.md' blocking=0 queue=15
[2026-03-09 23:32:42 UTC] run=126 primary='Set the Week 1 KPI chain: researched accounts, verified contacts, emails sent, replies, demos, closes, complaint rate' artifact='departments/finance/artifacts/offers/core-service-offer-20260309-r126.md' blocking=0 queue=15
[2026-03-10 00:03:01 UTC] run=127 primary='Prepare the 15-minute demo script around 3 sample agency prospects' artifact='departments/finance/artifacts/demos/demo-script-20260310-r127.md' blocking=0 queue=15
[2026-03-10 00:32:48 UTC] run=128 primary='Define the initial delivery checklist for the first paying client' artifact='departments/finance/artifacts/delivery/first-client-checklist-20260310-r128.md' blocking=0 queue=15
[2026-03-10 00:56:50 UTC] run=129 primary='Scan GitHub bounties in Ansible, Linux, DevOps, and automation as side cash only' artifact='departments/finance/artifacts/bounties/bounty-scan-20260310-r129.md' blocking=0 queue=15
[2026-03-10 01:02:42 UTC] run=130 primary='Review cold email templates for GDPR/CAN-SPAM compliance' artifact='departments/finance/artifacts/compliance/compliance-check-20260310-r130.md' blocking=0 queue=15
[2026-03-10 01:32:52 UTC] run=131 primary='Verify email footer includes address + unsubscribe link' artifact='departments/finance/artifacts/compliance/compliance-check-20260310-r131.md' blocking=0 queue=15
[2026-03-10 01:32:52 UTC] run=131 primary='Verify email footer includes address + unsubscribe link' artifact='departments/finance/artifacts/compliance/compliance-check-20260310-r131.md' blocking=0 queue=15
[2026-03-10 02:03:57 UTC] run=132 primary='Test unsubscribe flow end-to-end' artifact='departments/finance/artifacts/compliance/compliance-check-20260310-r132.md' blocking=0 queue=15
[2026-03-10 02:32:44 UTC] run=133 primary='Confirm suppression list is operational' artifact='departments/finance/artifacts/compliance/compliance-check-20260310-r133.md' blocking=0 queue=15
[2026-03-10 02:56:51 UTC] run=134 primary='Document approved public B2B data sources' artifact='departments/finance/artifacts/compliance/compliance-check-20260310-r134.md' blocking=0 queue=15
[2026-03-10 03:03:07 UTC] run=135 primary='Lock the first ICP: founder-led B2B agencies with 5-30 employees, prioritizing SEO, paid ads, web/dev, automation, and RevOps agencies' artifact='departments/finance/artifacts/icp/primary-icp-20260310-r135.md' blocking=0 queue=15
[2026-03-10 03:33:52 UTC] run=136 primary='Write the one-line sales promise for the core service offer' artifact='departments/finance/artifacts/offers/core-service-offer-20260310-r136.md' blocking=0 queue=15
[2026-03-10 04:03:07 UTC] run=137 primary='Build the first 100-company target list for the chosen ICP, starting with a 20-company tranche that meets the hard filters in CORE-OFFER.md' artifact='departments/finance/artifacts/pipeline/founder-led-agencies-first-20-20260310-r137.csv' blocking=0 queue=15
[2026-03-10 04:32:45 UTC] run=138 primary='Extract company name, website, segment, decision-maker, title, work email or verified contact path, LinkedIn URL, and fit notes' artifact='departments/finance/artifacts/pipeline/founder-led-agencies-first-20-20260310-r138.csv' blocking=0 queue=15
[2026-03-10 04:56:52 UTC] run=139 primary='Filter out personal emails, low-ticket businesses, solo operators, giant agencies, and weak-fit prospects' artifact='departments/finance/artifacts/notes/filter-out-personal-emails-low-ticket-businesses-solo-operators--20260310-r139.md' blocking=0 queue=15
[2026-03-10 05:06:12 UTC] run=140 primary='Prepare the first outreach batch with personalized first lines for the first 20 qualified companies' artifact='departments/finance/artifacts/outreach/outreach-draft-20260310-r140.md' blocking=0 queue=15
[2026-03-10 05:35:53 UTC] run=141 primary='Set the Week 1 KPI chain: researched accounts, verified contacts, emails sent, replies, demos, closes, complaint rate' artifact='departments/finance/artifacts/offers/core-service-offer-20260310-r141.md' blocking=0 queue=15
[2026-03-10 22:45:18 UTC] run=183 primary='Extract company name, website, segment, decision-maker, title, work email or verified contact path, LinkedIn URL, and fit notes' artifact='departments/finance/artifacts/pipeline/founder-led-agencies-first-20-20260310-r183.csv' blocking=0 queue=15
[2026-03-11 03:46:51 UTC] run=196 primary='Write the one-line sales promise for the core service offer' artifact='departments/finance/artifacts/offers/core-service-offer-20260311-r196.md' blocking=0 queue=15
[2026-03-11 04:16:50 UTC] run=197 primary='Build the first 100-company target list for the chosen ICP, starting with a 20-company tranche that meets the hard filters in CORE-OFFER.md' artifact='departments/finance/artifacts/pipeline/founder-led-agencies-first-20-20260311-r197.csv' blocking=0 queue=15
[2026-03-11 04:46:25 UTC] run=198 primary='Extract company name, website, segment, decision-maker, title, work email or verified contact path, LinkedIn URL, and fit notes' artifact='departments/finance/artifacts/pipeline/founder-led-agencies-first-20-20260311-r198.csv' blocking=0 queue=15
[2026-03-11 04:56:51 UTC] run=199 primary='Filter out personal emails, low-ticket businesses, solo operators, giant agencies, and weak-fit prospects' artifact='departments/finance/artifacts/notes/filter-out-personal-emails-low-ticket-businesses-solo-operators--20260311-r199.md' blocking=0 queue=15
[2026-03-11 05:16:08 UTC] run=200 primary='Prepare the first outreach batch with personalized first lines for the first 20 qualified companies' artifact='departments/finance/artifacts/outreach/outreach-draft-20260311-r200.md' blocking=0 queue=15
[2026-03-11 05:46:29 UTC] run=201 primary='Set the Week 1 KPI chain: researched accounts, verified contacts, emails sent, replies, demos, closes, complaint rate' artifact='departments/finance/artifacts/offers/core-service-offer-20260311-r201.md' blocking=0 queue=15
[2026-03-11 06:16:33 UTC] run=202 primary='Prepare the 15-minute demo script around 3 sample agency prospects' artifact='departments/finance/artifacts/demos/demo-script-20260311-r202.md' blocking=0 queue=15
[2026-03-11 06:46:21 UTC] run=203 primary='Define the initial delivery checklist for the first paying client' artifact='departments/finance/artifacts/delivery/first-client-checklist-20260311-r203.md' blocking=0 queue=15
[2026-03-11 06:56:51 UTC] run=204 primary='Scan GitHub bounties in Ansible, Linux, DevOps, and automation as side cash only' artifact='departments/finance/artifacts/bounties/bounty-scan-20260311-r204.md' blocking=0 queue=15
[2026-03-11 07:16:53 UTC] run=205 primary='Review cold email templates for GDPR/CAN-SPAM compliance' artifact='departments/finance/artifacts/compliance/compliance-check-20260311-r205.md' blocking=0 queue=15
[2026-03-11 07:46:51 UTC] run=206 primary='Verify email footer includes address + unsubscribe link' artifact='departments/finance/artifacts/compliance/compliance-check-20260311-r206.md' blocking=0 queue=15
[2026-03-11 08:16:32 UTC] run=207 primary='Test unsubscribe flow end-to-end' artifact='departments/finance/artifacts/compliance/compliance-check-20260311-r207.md' blocking=0 queue=15
[2026-03-11 08:46:12 UTC] run=208 primary='Confirm suppression list is operational' artifact='departments/finance/artifacts/compliance/compliance-check-20260311-r208.md' blocking=0 queue=15
[2026-03-11 08:56:51 UTC] run=209 primary='Document approved public B2B data sources' artifact='departments/finance/artifacts/compliance/compliance-check-20260311-r209.md' blocking=0 queue=15
[2026-03-11 09:17:34 UTC] run=210 primary='Lock the first ICP: founder-led B2B agencies with 5-30 employees, prioritizing SEO, paid ads, web/dev, automation, and RevOps agencies' artifact='departments/finance/artifacts/icp/primary-icp-20260311-r210.md' blocking=0 queue=15
[2026-03-11 09:46:32 UTC] run=211 primary='Write the one-line sales promise for the core service offer' artifact='departments/finance/artifacts/offers/core-service-offer-20260311-r211.md' blocking=0 queue=15
[2026-03-11 10:16:44 UTC] run=212 primary='Build the first 100-company target list for the chosen ICP, starting with a 20-company tranche that meets the hard filters in CORE-OFFER.md' artifact='departments/finance/artifacts/pipeline/founder-led-agencies-first-20-20260311-r212.csv' blocking=0 queue=15
[2026-03-11 10:56:52 UTC] run=213 primary='Extract company name, website, segment, decision-maker, title, work email or verified contact path, LinkedIn URL, and fit notes' artifact='departments/finance/artifacts/pipeline/founder-led-agencies-first-20-20260311-r213.csv' blocking=0 queue=15
[2026-03-11 11:23:37 UTC] run=214 primary='Filter out personal emails, low-ticket businesses, solo operators, giant agencies, and weak-fit prospects' artifact='departments/finance/artifacts/notes/filter-out-personal-emails-low-ticket-businesses-solo-operators--20260311-r214.md' blocking=0 queue=15
[2026-03-11 12:16:42 UTC] run=215 primary='Prepare the first outreach batch with personalized first lines for the first 20 qualified companies' artifact='departments/finance/artifacts/outreach/outreach-draft-20260311-r215.md' blocking=0 queue=15
[2026-03-11 12:46:49 UTC] run=216 primary='Set the Week 1 KPI chain: researched accounts, verified contacts, emails sent, replies, demos, closes, complaint rate' artifact='departments/finance/artifacts/offers/core-service-offer-20260311-r216.md' blocking=0 queue=15
[2026-03-11 12:56:52 UTC] run=217 primary='Prepare the 15-minute demo script around 3 sample agency prospects' artifact='departments/finance/artifacts/demos/demo-script-20260311-r217.md' blocking=0 queue=15
[2026-03-11 13:16:50 UTC] run=218 primary='Define the initial delivery checklist for the first paying client' artifact='departments/finance/artifacts/delivery/first-client-checklist-20260311-r218.md' blocking=0 queue=15
[2026-03-11 13:46:43 UTC] run=219 primary='Scan GitHub bounties in Ansible, Linux, DevOps, and automation as side cash only' artifact='departments/finance/artifacts/bounties/bounty-scan-20260311-r219.md' blocking=0 queue=15
[2026-03-11 14:16:38 UTC] run=220 primary='Review cold email templates for GDPR/CAN-SPAM compliance' artifact='departments/finance/artifacts/compliance/compliance-check-20260311-r220.md' blocking=0 queue=15
[2026-03-11 14:46:30 UTC] run=221 primary='Verify email footer includes address + unsubscribe link' artifact='departments/finance/artifacts/compliance/compliance-check-20260311-r221.md' blocking=0 queue=15
[2026-03-11 14:56:53 UTC] run=222 primary='Test unsubscribe flow end-to-end' artifact='departments/finance/artifacts/compliance/compliance-check-20260311-r222.md' blocking=0 queue=15
[2026-03-11 15:28:03 UTC] run=223 primary='Confirm suppression list is operational' artifact='departments/finance/artifacts/compliance/compliance-check-20260311-r223.md' blocking=0 queue=15
[2026-03-11 15:56:46 UTC] run=224 primary='Document approved public B2B data sources' artifact='departments/finance/artifacts/compliance/compliance-check-20260311-r224.md' blocking=0 queue=15
[2026-03-11 16:26:40 UTC] run=225 primary='Lock the first ICP: founder-led B2B agencies with 5-30 employees, prioritizing SEO, paid ads, web/dev, automation, and RevOps agencies' artifact='departments/finance/artifacts/icp/primary-icp-20260311-r225.md' blocking=0 queue=15
[2026-03-11 16:56:44 UTC] run=226 primary='Write the one-line sales promise for the core service offer' artifact='departments/finance/artifacts/offers/core-service-offer-20260311-r226.md' blocking=0 queue=15
[2026-03-11 16:56:53 UTC] run=227 primary='Build the first 100-company target list for the chosen ICP, starting with a 20-company tranche that meets the hard filters in CORE-OFFER.md' artifact='departments/finance/artifacts/pipeline/founder-led-agencies-first-20-20260311-r227.csv' blocking=0 queue=15
[2026-03-11 17:30:30 UTC] run=228 primary='Extract company name, website, segment, decision-maker, title, work email or verified contact path, LinkedIn URL, and fit notes' artifact='departments/finance/artifacts/pipeline/founder-led-agencies-first-20-20260311-r228.csv' blocking=0 queue=15
[2026-03-11 18:22:32 UTC] run=229 primary='Filter out personal emails, low-ticket businesses, solo operators, giant agencies, and weak-fit prospects' artifact='departments/finance/artifacts/notes/filter-out-personal-emails-low-ticket-businesses-solo-operators--20260311-r229.md' blocking=0 queue=15
[2026-03-11 18:52:28 UTC] run=230 primary='Prepare the first outreach batch with personalized first lines for the first 20 qualified companies' artifact='departments/finance/artifacts/outreach/outreach-draft-20260311-r230.md' blocking=0 queue=15
[2026-03-11 18:56:50 UTC] run=231 primary='Set the Week 1 KPI chain: researched accounts, verified contacts, emails sent, replies, demos, closes, complaint rate' artifact='departments/finance/artifacts/offers/core-service-offer-20260311-r231.md' blocking=0 queue=15
[2026-03-11 19:25:05 UTC] run=232 primary='Prepare the 15-minute demo script around 3 sample agency prospects' artifact='departments/finance/artifacts/demos/demo-script-20260311-r232.md' blocking=0 queue=15
[2026-03-11 19:57:29 UTC] run=233 primary='Define the initial delivery checklist for the first paying client' artifact='departments/finance/artifacts/delivery/first-client-checklist-20260311-r233.md' blocking=0 queue=15
[2026-03-11 20:27:30 UTC] run=234 primary='Scan GitHub bounties in Ansible, Linux, DevOps, and automation as side cash only' artifact='departments/finance/artifacts/bounties/bounty-scan-20260311-r234.md' blocking=0 queue=15
[2026-03-11 20:56:50 UTC] run=235 primary='Review cold email templates for GDPR/CAN-SPAM compliance' artifact='departments/finance/artifacts/compliance/compliance-check-20260311-r235.md' blocking=0 queue=15
[2026-03-11 20:57:28 UTC] run=236 primary='Verify email footer includes address + unsubscribe link' artifact='departments/finance/artifacts/compliance/compliance-check-20260311-r236.md' blocking=0 queue=15
[2026-03-11 21:27:28 UTC] run=237 primary='Test unsubscribe flow end-to-end' artifact='departments/finance/artifacts/compliance/compliance-check-20260311-r237.md' blocking=0 queue=15
[2026-03-11 21:57:37 UTC] run=238 primary='Confirm suppression list is operational' artifact='departments/finance/artifacts/compliance/compliance-check-20260311-r238.md' blocking=0 queue=15
[2026-03-11 22:27:58 UTC] run=239 primary='Document approved public B2B data sources' artifact='departments/finance/artifacts/compliance/compliance-check-20260311-r239.md' blocking=0 queue=15
[2026-03-11 22:56:50 UTC] run=240 primary='Lock the first ICP: founder-led B2B agencies with 5-30 employees, prioritizing SEO, paid ads, web/dev, automation, and RevOps agencies' artifact='departments/finance/artifacts/icp/primary-icp-20260311-r240.md' blocking=0 queue=15
[2026-03-11 22:57:28 UTC] run=241 primary='Write the one-line sales promise for the core service offer' artifact='departments/finance/artifacts/offers/core-service-offer-20260311-r241.md' blocking=0 queue=15
[2026-03-11 23:28:15 UTC] run=242 primary='Build the first 100-company target list for the chosen ICP, starting with a 20-company tranche that meets the hard filters in CORE-OFFER.md' artifact='departments/finance/artifacts/pipeline/founder-led-agencies-first-20-20260311-r242.csv' blocking=0 queue=15
[2026-03-11 23:57:52 UTC] run=243 primary='Extract company name, website, segment, decision-maker, title, work email or verified contact path, LinkedIn URL, and fit notes' artifact='departments/finance/artifacts/pipeline/founder-led-agencies-first-20-20260311-r243.csv' blocking=0 queue=15
[2026-03-12 00:30:17 UTC] run=244 primary='Filter out personal emails, low-ticket businesses, solo operators, giant agencies, and weak-fit prospects' artifact='departments/finance/artifacts/notes/filter-out-personal-emails-low-ticket-businesses-solo-operators--20260312-r244.md' blocking=0 queue=15
[2026-03-12 00:56:50 UTC] run=245 primary='Prepare the first outreach batch with personalized first lines for the first 20 qualified companies' artifact='departments/finance/artifacts/outreach/outreach-draft-20260312-r245.md' blocking=0 queue=15
[2026-03-12 00:59:13 UTC] run=246 primary='Set the Week 1 KPI chain: researched accounts, verified contacts, emails sent, replies, demos, closes, complaint rate' artifact='departments/finance/artifacts/offers/core-service-offer-20260312-r246.md' blocking=0 queue=15
[2026-03-12 01:29:59 UTC] run=247 primary='Prepare the 15-minute demo script around 3 sample agency prospects' artifact='departments/finance/artifacts/demos/demo-script-20260312-r247.md' blocking=0 queue=15
[2026-03-12 01:59:53 UTC] run=248 primary='Define the initial delivery checklist for the first paying client' artifact='departments/finance/artifacts/delivery/first-client-checklist-20260312-r248.md' blocking=0 queue=15
[2026-03-12 02:32:05 UTC] run=249 primary='Scan GitHub bounties in Ansible, Linux, DevOps, and automation as side cash only' artifact='departments/finance/artifacts/bounties/bounty-scan-20260312-r249.md' blocking=0 queue=15
[2026-03-12 02:56:55 UTC] run=250 primary='Review cold email templates for GDPR/CAN-SPAM compliance' artifact='departments/finance/artifacts/compliance/compliance-check-20260312-r250.md' blocking=0 queue=15
[2026-03-12 03:00:12 UTC] run=251 primary='Verify email footer includes address + unsubscribe link' artifact='departments/finance/artifacts/compliance/compliance-check-20260312-r251.md' blocking=0 queue=15
[2026-03-12 03:30:38 UTC] run=252 primary='Test unsubscribe flow end-to-end' artifact='departments/finance/artifacts/compliance/compliance-check-20260312-r252.md' blocking=0 queue=15
[2026-03-12 03:59:38 UTC] run=253 primary='Confirm suppression list is operational' artifact='departments/finance/artifacts/compliance/compliance-check-20260312-r253.md' blocking=0 queue=15
[2026-03-12 04:29:32 UTC] run=254 primary='Document approved public B2B data sources' artifact='departments/finance/artifacts/compliance/compliance-check-20260312-r254.md' blocking=0 queue=15
[2026-03-12 04:56:57 UTC] run=255 primary='Lock the first ICP: founder-led B2B agencies with 5-30 employees, prioritizing SEO, paid ads, web/dev, automation, and RevOps agencies' artifact='departments/finance/artifacts/icp/primary-icp-20260312-r255.md' blocking=0 queue=15
[2026-03-12 05:02:58 UTC] run=256 primary='Write the one-line sales promise for the core service offer' artifact='departments/finance/artifacts/offers/core-service-offer-20260312-r256.md' blocking=0 queue=15
[2026-03-12 06:11:56 UTC] run=257 primary='Build the first 100-company target list for the chosen ICP, starting with a 20-company tranche that meets the hard filters in CORE-OFFER.md' artifact='departments/finance/artifacts/pipeline/founder-led-agencies-first-20-20260312-r257.csv' blocking=0 queue=15
[2026-03-12 06:45:47 UTC] run=258 primary='Extract company name, website, segment, decision-maker, title, work email or verified contact path, LinkedIn URL, and fit notes' artifact='departments/finance/artifacts/pipeline/founder-led-agencies-first-20-20260312-r258.csv' blocking=0 queue=15
[2026-03-12 06:56:56 UTC] run=259 primary='Filter out personal emails, low-ticket businesses, solo operators, giant agencies, and weak-fit prospects' artifact='departments/finance/artifacts/notes/filter-out-personal-emails-low-ticket-businesses-solo-operators--20260312-r259.md' blocking=0 queue=15
[2026-03-12 07:30:29 UTC] run=260 primary='Prepare the first outreach batch with personalized first lines for the first 20 qualified companies' artifact='departments/finance/artifacts/outreach/outreach-draft-20260312-r260.md' blocking=0 queue=15
[2026-03-12 07:59:26 UTC] run=261 primary='Set the Week 1 KPI chain: researched accounts, verified contacts, emails sent, replies, demos, closes, complaint rate' artifact='departments/finance/artifacts/offers/core-service-offer-20260312-r261.md' blocking=0 queue=15
[2026-03-12 08:36:15 UTC] run=262 primary='Prepare the 15-minute demo script around 3 sample agency prospects' artifact='departments/finance/artifacts/demos/demo-script-20260312-r262.md' blocking=0 queue=15
[2026-03-12 08:56:56 UTC] run=263 primary='Define the initial delivery checklist for the first paying client' artifact='departments/finance/artifacts/delivery/first-client-checklist-20260312-r263.md' blocking=0 queue=15
[2026-03-12 09:06:33 UTC] run=264 primary='Scan GitHub bounties in Ansible, Linux, DevOps, and automation as side cash only' artifact='departments/finance/artifacts/bounties/bounty-scan-20260312-r264.md' blocking=0 queue=15
[2026-03-12 09:38:08 UTC] run=265 primary='Review cold email templates for GDPR/CAN-SPAM compliance' artifact='departments/finance/artifacts/compliance/compliance-check-20260312-r265.md' blocking=0 queue=15
[2026-03-12 10:08:24 UTC] run=266 primary='Verify email footer includes address + unsubscribe link' artifact='departments/finance/artifacts/compliance/compliance-check-20260312-r266.md' blocking=0 queue=15
[2026-03-12 10:39:04 UTC] run=267 primary='Test unsubscribe flow end-to-end' artifact='departments/finance/artifacts/compliance/compliance-check-20260312-r267.md' blocking=0 queue=15
[2026-03-12 10:56:57 UTC] run=268 primary='Confirm suppression list is operational' artifact='departments/finance/artifacts/compliance/compliance-check-20260312-r268.md' blocking=0 queue=15
[2026-03-12 11:15:33 UTC] run=269 primary='Document approved public B2B data sources' artifact='departments/finance/artifacts/compliance/compliance-check-20260312-r269.md' blocking=0 queue=15
[2026-03-12 11:45:57 UTC] run=270 primary='Lock the first ICP: founder-led B2B agencies with 5-30 employees, prioritizing SEO, paid ads, web/dev, automation, and RevOps agencies' artifact='departments/finance/artifacts/icp/primary-icp-20260312-r270.md' blocking=0 queue=15
[2026-03-12 12:25:58 UTC] run=271 primary='Write the one-line sales promise for the core service offer' artifact='departments/finance/artifacts/offers/core-service-offer-20260312-r271.md' blocking=0 queue=15
[2026-03-12 12:57:30 UTC] run=272 primary='Build the first 100-company target list for the chosen ICP, starting with a 20-company tranche that meets the hard filters in CORE-OFFER.md' artifact='departments/finance/artifacts/pipeline/founder-led-agencies-first-20-20260312-r272.csv' blocking=0 queue=15
[2026-03-12 12:57:38 UTC] run=273 primary='Extract company name, website, segment, decision-maker, title, work email or verified contact path, LinkedIn URL, and fit notes' artifact='departments/finance/artifacts/pipeline/founder-led-agencies-first-20-20260312-r273.csv' blocking=0 queue=15
[2026-03-12 13:33:38 UTC] run=274 primary='Filter out personal emails, low-ticket businesses, solo operators, giant agencies, and weak-fit prospects' artifact='departments/finance/artifacts/notes/filter-out-personal-emails-low-ticket-businesses-solo-operators--20260312-r274.md' blocking=0 queue=15
[2026-03-12 13:57:07 UTC] run=275 primary='Prepare the first outreach batch with personalized first lines for the first 20 qualified companies' artifact='departments/finance/artifacts/outreach/outreach-draft-20260312-r275.md' blocking=0 queue=15
[2026-03-12 14:26:56 UTC] run=276 primary='Set the Week 1 KPI chain: researched accounts, verified contacts, emails sent, replies, demos, closes, complaint rate' artifact='departments/finance/artifacts/offers/core-service-offer-20260312-r276.md' blocking=0 queue=15
[2026-03-12 14:56:56 UTC] run=277 primary='Prepare the 15-minute demo script around 3 sample agency prospects' artifact='departments/finance/artifacts/demos/demo-script-20260312-r277.md' blocking=0 queue=15
[2026-03-12 14:57:35 UTC] run=278 primary='Define the initial delivery checklist for the first paying client' artifact='departments/finance/artifacts/delivery/first-client-checklist-20260312-r278.md' blocking=0 queue=15
[2026-03-12 15:27:47 UTC] run=279 primary='Scan GitHub bounties in Ansible, Linux, DevOps, and automation as side cash only' artifact='departments/finance/artifacts/bounties/bounty-scan-20260312-r279.md' blocking=0 queue=15
[2026-03-12 15:57:13 UTC] run=280 primary='Review cold email templates for GDPR/CAN-SPAM compliance' artifact='departments/finance/artifacts/compliance/compliance-check-20260312-r280.md' blocking=0 queue=15
[2026-03-12 16:27:28 UTC] run=281 primary='Verify email footer includes address + unsubscribe link' artifact='departments/finance/artifacts/compliance/compliance-check-20260312-r281.md' blocking=0 queue=15
[2026-03-12 16:57:14 UTC] run=282 primary='Test unsubscribe flow end-to-end' artifact='departments/finance/artifacts/compliance/compliance-check-20260312-r282.md' blocking=0 queue=15
[2026-03-12 16:57:34 UTC] run=283 primary='Confirm suppression list is operational' artifact='departments/finance/artifacts/compliance/compliance-check-20260312-r283.md' blocking=0 queue=15
[2026-03-12 17:27:00 UTC] run=284 primary='Document approved public B2B data sources' artifact='departments/finance/artifacts/compliance/compliance-check-20260312-r284.md' blocking=0 queue=15
[2026-03-12 17:57:13 UTC] run=285 primary='Lock the first ICP: founder-led B2B agencies with 5-30 employees, prioritizing SEO, paid ads, web/dev, automation, and RevOps agencies' artifact='departments/finance/artifacts/icp/primary-icp-20260312-r285.md' blocking=0 queue=15
[2026-03-12 18:30:49 UTC] run=286 primary='Build the first 100-company target list for the chosen ICP, starting with a 20-company tranche that meets the hard filters in CORE-OFFER.md' artifact='departments/finance/artifacts/pipeline/founder-led-agencies-first-20-20260312-r286.csv' blocking=0 queue=14
[2026-03-12 18:57:35 UTC] run=287 primary='Extract company name, website, segment, decision-maker, title, work email or verified contact path, LinkedIn URL, and fit notes' artifact='departments/finance/artifacts/pipeline/founder-led-agencies-first-20-20260312-r287.csv' blocking=0 queue=14
[2026-03-12 19:06:58 UTC] run=288 primary='Filter out personal emails, low-ticket businesses, solo operators, giant agencies, and weak-fit prospects' artifact='departments/finance/artifacts/notes/filter-out-personal-emails-low-ticket-businesses-solo-operators--20260312-r288.md' blocking=0 queue=14
[2026-03-12 19:43:40 UTC] run=289 primary='Prepare the first outreach batch with personalized first lines for the first 20 qualified companies' artifact='departments/finance/artifacts/outreach/outreach-draft-20260312-r289.md' blocking=0 queue=14
[2026-03-12 20:10:14 UTC] run=290 primary='Set the Week 1 KPI chain: researched accounts, verified contacts, emails sent, replies, demos, closes, complaint rate' artifact='departments/finance/artifacts/offers/core-service-offer-20260312-r290.md' blocking=0 queue=14
[2026-03-12 20:38:14 UTC] run=291 primary='Prepare the 15-minute demo script around 3 sample agency prospects' artifact='departments/finance/artifacts/demos/demo-script-20260312-r291.md' blocking=0 queue=14
[2026-03-12 20:57:34 UTC] run=292 primary='Define the initial delivery checklist for the first paying client' artifact='departments/finance/artifacts/delivery/first-client-checklist-20260312-r292.md' blocking=0 queue=14
[2026-03-12 21:07:36 UTC] run=293 primary='Scan GitHub bounties in Ansible, Linux, DevOps, and automation as side cash only' artifact='departments/finance/artifacts/bounties/bounty-scan-20260312-r293.md' blocking=0 queue=14
[2026-03-12 21:37:49 UTC] run=294 primary='Review cold email templates for GDPR/CAN-SPAM compliance' artifact='departments/finance/artifacts/compliance/compliance-check-20260312-r294.md' blocking=0 queue=14
[2026-03-12 22:14:43 UTC] run=295 primary='Verify email footer includes address + unsubscribe link' artifact='departments/finance/artifacts/compliance/compliance-check-20260312-r295.md' blocking=0 queue=14
[2026-03-12 22:52:15 UTC] run=296 primary='Test unsubscribe flow end-to-end' artifact='departments/finance/artifacts/compliance/compliance-check-20260312-r296.md' blocking=0 queue=14
[2026-03-12 22:58:17 UTC] run=297 primary='Confirm suppression list is operational' artifact='departments/finance/artifacts/compliance/compliance-check-20260312-r297.md' blocking=0 queue=14
[2026-03-12 23:26:47 UTC] run=298 primary='Document approved public B2B data sources' artifact='departments/finance/artifacts/compliance/compliance-check-20260312-r298.md' blocking=0 queue=14
[2026-03-13 00:00:49 UTC] run=299 primary='Write the one-line sales promise for the core service offer' artifact='departments/finance/artifacts/offers/core-service-offer-20260313-r299.md' blocking=0 queue=14
[2026-03-13 00:36:35 UTC] run=300 primary='Build the first 100-company target list for the chosen ICP, starting with a 20-company tranche that meets the hard filters in CORE-OFFER.md' artifact='departments/finance/artifacts/pipeline/founder-led-agencies-first-20-20260313-r300.csv' blocking=0 queue=14
[2026-03-13 00:57:58 UTC] run=301 primary='Extract company name, website, segment, decision-maker, title, work email or verified contact path, LinkedIn URL, and fit notes' artifact='departments/finance/artifacts/pipeline/founder-led-agencies-first-20-20260313-r301.csv' blocking=0 queue=14
[2026-03-13 01:17:23 UTC] run=302 primary='Filter out personal emails, low-ticket businesses, solo operators, giant agencies, and weak-fit prospects' artifact='departments/finance/artifacts/notes/filter-out-personal-emails-low-ticket-businesses-solo-operators--20260313-r302.md' blocking=0 queue=14
[2026-03-13 01:48:02 UTC] run=303 primary='Prepare the first outreach batch with personalized first lines for the first 20 qualified companies' artifact='departments/finance/artifacts/outreach/outreach-draft-20260313-r303.md' blocking=0 queue=14
[2026-03-13 02:17:43 UTC] run=304 primary='Set the Week 1 KPI chain: researched accounts, verified contacts, emails sent, replies, demos, closes, complaint rate' artifact='departments/finance/artifacts/offers/core-service-offer-20260313-r304.md' blocking=0 queue=14
[2026-03-13 02:56:15 UTC] run=305 primary='Prepare the 15-minute demo script around 3 sample agency prospects' artifact='departments/finance/artifacts/demos/demo-script-20260313-r305.md' blocking=0 queue=14
[2026-03-13 02:58:13 UTC] run=306 primary='Define the initial delivery checklist for the first paying client' artifact='departments/finance/artifacts/delivery/first-client-checklist-20260313-r306.md' blocking=0 queue=14
[2026-03-13 03:28:25 UTC] run=307 primary='Scan GitHub bounties in Ansible, Linux, DevOps, and automation as side cash only' artifact='departments/finance/artifacts/bounties/bounty-scan-20260313-r307.md' blocking=0 queue=14
[2026-03-13 03:58:44 UTC] run=308 primary='Review cold email templates for GDPR/CAN-SPAM compliance' artifact='departments/finance/artifacts/compliance/compliance-check-20260313-r308.md' blocking=0 queue=14
[2026-03-13 04:28:30 UTC] run=309 primary='Verify email footer includes address + unsubscribe link' artifact='departments/finance/artifacts/compliance/compliance-check-20260313-r309.md' blocking=0 queue=14
[2026-03-13 04:57:35 UTC] run=310 primary='Test unsubscribe flow end-to-end' artifact='departments/finance/artifacts/compliance/compliance-check-20260313-r310.md' blocking=0 queue=14
[2026-03-13 04:58:02 UTC] run=311 primary='Confirm suppression list is operational' artifact='departments/finance/artifacts/compliance/compliance-check-20260313-r311.md' blocking=0 queue=14
[2026-03-13 05:28:01 UTC] run=312 primary='Document approved public B2B data sources' artifact='departments/finance/artifacts/compliance/compliance-check-20260313-r312.md' blocking=0 queue=14
[2026-03-13 06:05:58 UTC] run=313 primary='Write the one-line sales promise for the core service offer' artifact='departments/finance/artifacts/offers/core-service-offer-20260313-r313.md' blocking=0 queue=14
[2026-03-13 06:36:31 UTC] run=314 primary='Build the first 100-company target list for the chosen ICP, starting with a 20-company tranche that meets the hard filters in CORE-OFFER.md' artifact='departments/finance/artifacts/pipeline/founder-led-agencies-first-20-20260313-r314.csv' blocking=0 queue=14
