# Infra Status

- Last run (UTC): 2026-03-08T06:00:01Z
- Run count: 8
- Active task: **Run security audit:** Check for open ports, SSH config, failed logins.
- Selection reason: risk-based priority: ALERT: Unexpected externally exposed listeners (1): udp/5353; RISK: udp/5353 is mDNS/MulticastDNS; public/cloud hosts usually do not need it. Consider disabling MulticastDNS/LLMNR or blocking it with host/cloud firewall policy.; ALERT: External mDNS listener detected on udp/5353; RISK: local host resolution does not reference mdns; external udp/5353 is less likely to be required; WARN: ufw unavailable on host; RISK: No host firewall tool detected (ufw/nft/iptables unavailable); ALERT: 5 suspicious auth lines found in sampled logs (auth.log); unexpected udp/5353 listener still exposed
- Task progress count: 8
- Last artifact: departments/infra/artifacts/checks/20260308T060001Z-r8-run-security-audit-check-for-open-ports-ssh-config-faile.md
- Autonomous open queue: 4


# Infra Status

- Last run (UTC): 2026-03-09T06:00:02Z
- Run count: 46
- Active task: **Monitor disk usage:** Alert if >80%.
- Selection reason: risk-based priority: latest infra-status shows ALERT root usage 88%
- Task progress count: 3
- Last artifact: departments/infra/artifacts/checks/20260309T060001Z-r46-monitor-disk-usage-alert-if-80.md
- Autonomous open queue: 4


# Infra Status

- Last run (UTC): 2026-03-10T06:00:09Z
- Run count: 85
- Active task: **Monitor disk usage:** Alert if >80%.
- Selection reason: risk-based priority: latest infra-status shows CRITICAL root usage 100%
- Task progress count: 42
- Last artifact: departments/infra/artifacts/checks/20260310T060001Z-r85-monitor-disk-usage-alert-if-80.md
- Autonomous open queue: 4


