[2026-03-08 00:47:56 UTC] run=1 task='**Map multi-day hikes:** 6 Foot Track (3 days, bookable now), Grand Canyon Loop.' artifact='departments/travel/artifacts/plans/20260308T004756Z-r1-map-multi-day-hikes-6-foot-track-3-days-bookable-now-gra.md' queue=8
[2026-03-08 02:17:59 UTC] run=2 task='**Find surf schools:** Beginner-friendly in Byron Bay, Noosa (compare prices, availability).' artifact='departments/travel/artifacts/plans/20260308T021759Z-r2-find-surf-schools-beginner-friendly-in-byron-bay-noosa-c.md' queue=8
[2026-03-08 03:48:00 UTC] run=3 task='**Research dive operators:** Cairns certification courses (PADI Open Water ~3-4 days).' artifact='departments/travel/artifacts/plans/20260308T034800Z-r3-research-dive-operators-cairns-certification-courses-pad.md' queue=8
[2026-03-08 05:17:57 UTC] run=4 task='**Plan van-friendly campsites:** Free/low-cost stops with facilities for 70-day route.' artifact='departments/travel/artifacts/plans/20260308T051757Z-r4-plan-van-friendly-campsites-free-low-cost-stops-with-fac.md' queue=8
[2026-03-08 06:48:02 UTC] run=5 task='**Check road conditions:** Fraser Island (4WD permit), northern QLD wet season closures.' artifact='departments/travel/artifacts/plans/20260308T064802Z-r5-check-road-conditions-fraser-island-4wd-permit-northern-.md' queue=8
[2026-03-08 08:18:39 UTC] run=6 task='**Build day-by-day itinerary:** 70-day plan balancing driving, hiking, surfing, diving, rest.' artifact='departments/travel/artifacts/plans/20260308T081839Z-r6-build-day-by-day-itinerary-70-day-plan-balancing-driving.md' queue=8
[2026-03-08 09:47:57 UTC] run=7 task='**Weather monitoring:** Cyclone season (north QLD), fire danger (NSW).' artifact='departments/travel/artifacts/plans/20260308T094757Z-r7-weather-monitoring-cyclone-season-north-qld-fire-danger-.md' queue=8
[2026-03-08 11:18:54 UTC] run=8 task='**Resupply planning:** Major towns every 7-10 days for groceries, fuel, van services.' artifact='departments/travel/artifacts/plans/20260308T111854Z-r8-resupply-planning-major-towns-every-7-10-days-for-grocer.md' queue=8
[2026-03-08 12:49:18 UTC] run=9 task='**Map multi-day hikes:** 6 Foot Track (3 days, bookable now), Grand Canyon Loop.' artifact='departments/travel/artifacts/plans/20260308T124918Z-r9-map-multi-day-hikes-6-foot-track-3-days-bookable-now-gra.md' queue=8
[2026-03-08 14:21:53 UTC] run=10 task='**Find surf schools:** Beginner-friendly in Byron Bay, Noosa (compare prices, availability).' artifact='departments/travel/artifacts/plans/20260308T142153Z-r10-find-surf-schools-beginner-friendly-in-byron-bay-noosa-c.md' queue=8
[2026-03-08 15:55:58 UTC] run=11 task='**Research dive operators:** Cairns certification courses (PADI Open Water ~3-4 days).' artifact='departments/travel/artifacts/plans/20260308T155558Z-r11-research-dive-operators-cairns-certification-courses-pad.md' queue=8
[2026-03-08 17:25:57 UTC] run=12 task='**Plan van-friendly campsites:** Free/low-cost stops with facilities for 70-day route.' artifact='departments/travel/artifacts/plans/20260308T172557Z-r12-plan-van-friendly-campsites-free-low-cost-stops-with-fac.md' queue=8
[2026-03-08 18:55:58 UTC] run=13 task='**Check road conditions:** Fraser Island (4WD permit), northern QLD wet season closures.' artifact='departments/travel/artifacts/plans/20260308T185558Z-r13-check-road-conditions-fraser-island-4wd-permit-northern-.md' queue=8
[2026-03-08 20:25:57 UTC] run=14 task='**Build day-by-day itinerary:** 70-day plan balancing driving, hiking, surfing, diving, rest.' artifact='departments/travel/artifacts/plans/20260308T202557Z-r14-build-day-by-day-itinerary-70-day-plan-balancing-driving.md' queue=8
[2026-03-08 21:55:57 UTC] run=15 task='**Weather monitoring:** Cyclone season (north QLD), fire danger (NSW).' artifact='departments/travel/artifacts/plans/20260308T215557Z-r15-weather-monitoring-cyclone-season-north-qld-fire-danger-.md' queue=8
[2026-03-08 23:25:58 UTC] run=16 task='**Resupply planning:** Major towns every 7-10 days for groceries, fuel, van services.' artifact='departments/travel/artifacts/plans/20260308T232558Z-r16-resupply-planning-major-towns-every-7-10-days-for-grocer.md' queue=8
[2026-03-09 03:08:15 UTC] run=17 task='**Map multi-day hikes:** 6 Foot Track (3 days, bookable now), Grand Canyon Loop.' artifact='departments/travel/artifacts/plans/20260309T030815Z-r17-map-multi-day-hikes-6-foot-track-3-days-bookable-now-gra.md' queue=8
[2026-03-09 04:38:13 UTC] run=18 task='**Find surf schools:** Beginner-friendly in Byron Bay, Noosa (compare prices, availability).' artifact='departments/travel/artifacts/plans/20260309T043813Z-r18-find-surf-schools-beginner-friendly-in-byron-bay-noosa-c.md' queue=8
[2026-03-09 06:08:15 UTC] run=19 task='**Research dive operators:** Cairns certification courses (PADI Open Water ~3-4 days).' artifact='departments/travel/artifacts/plans/20260309T060815Z-r19-research-dive-operators-cairns-certification-courses-pad.md' queue=8
[2026-03-09 07:38:13 UTC] run=20 task='**Plan van-friendly campsites:** Free/low-cost stops with facilities for 70-day route.' artifact='departments/travel/artifacts/plans/20260309T073813Z-r20-plan-van-friendly-campsites-free-low-cost-stops-with-fac.md' queue=8
[2026-03-09 09:08:14 UTC] run=21 task='**Check road conditions:** Fraser Island (4WD permit), northern QLD wet season closures.' artifact='departments/travel/artifacts/plans/20260309T090814Z-r21-check-road-conditions-fraser-island-4wd-permit-northern-.md' queue=8
[2026-03-09 10:38:52 UTC] run=22 task='**Build day-by-day itinerary:** 70-day plan balancing driving, hiking, surfing, diving, rest.' artifact='departments/travel/artifacts/plans/20260309T103852Z-r22-build-day-by-day-itinerary-70-day-plan-balancing-driving.md' queue=8
[2026-03-09 12:08:30 UTC] run=23 task='**Weather monitoring:** Cyclone season (north QLD), fire danger (NSW).' artifact='departments/travel/artifacts/plans/20260309T120830Z-r23-weather-monitoring-cyclone-season-north-qld-fire-danger-.md' queue=8
[2026-03-09 15:53:16 UTC] run=24 task='**Resupply planning:** Major towns every 7-10 days for groceries, fuel, van services.' artifact='departments/travel/artifacts/plans/20260309T155316Z-r24-resupply-planning-major-towns-every-7-10-days-for-grocer.md' queue=8
[2026-03-09 17:50:06 UTC] run=25 task='**Map multi-day hikes:** 6 Foot Track (3 days, bookable now), Grand Canyon Loop.' artifact='departments/travel/artifacts/plans/20260309T175006Z-r25-map-multi-day-hikes-6-foot-track-3-days-bookable-now-gra.md' queue=8
[2026-03-09 19:38:33 UTC] run=26 task='**Find surf schools:** Beginner-friendly in Byron Bay, Noosa (compare prices, availability).' artifact='departments/travel/artifacts/plans/20260309T193833Z-r26-find-surf-schools-beginner-friendly-in-byron-bay-noosa-c.md' queue=8
[2026-03-09 21:05:03 UTC] run=27 task='**Research dive operators:** Cairns certification courses (PADI Open Water ~3-4 days).' artifact='departments/travel/artifacts/plans/20260309T210503Z-r27-research-dive-operators-cairns-certification-courses-pad.md' queue=8
[2026-03-09 22:35:19 UTC] run=28 task='**Plan van-friendly campsites:** Free/low-cost stops with facilities for 70-day route.' artifact='departments/travel/artifacts/plans/20260309T223519Z-r28-plan-van-friendly-campsites-free-low-cost-stops-with-fac.md' queue=8
[2026-03-10 00:05:19 UTC] run=29 task='**Check road conditions:** Fraser Island (4WD permit), northern QLD wet season closures.' artifact='departments/travel/artifacts/plans/20260310T000519Z-r29-check-road-conditions-fraser-island-4wd-permit-northern-.md' queue=8
[2026-03-10 01:37:07 UTC] run=30 task='**Build day-by-day itinerary:** 70-day plan balancing driving, hiking, surfing, diving, rest.' artifact='departments/travel/artifacts/plans/20260310T013707Z-r30-build-day-by-day-itinerary-70-day-plan-balancing-driving.md' queue=8
[2026-03-10 03:07:07 UTC] run=31 task='**Weather monitoring:** Cyclone season (north QLD), fire danger (NSW).' artifact='departments/travel/artifacts/plans/20260310T030707Z-r31-weather-monitoring-cyclone-season-north-qld-fire-danger-.md' queue=8
[2026-03-10 04:37:08 UTC] run=32 task='**Resupply planning:** Major towns every 7-10 days for groceries, fuel, van services.' artifact='departments/travel/artifacts/plans/20260310T043708Z-r32-resupply-planning-major-towns-every-7-10-days-for-grocer.md' queue=8
[2026-03-10 22:44:43 UTC] run=44 task='**Plan van-friendly campsites:** Free/low-cost stops with facilities for 70-day route.' artifact='departments/travel/artifacts/plans/20260310T224443Z-r44-plan-van-friendly-campsites-free-low-cost-stops-with-fac.md' queue=8
[2026-03-11 04:44:44 UTC] run=48 task='**Resupply planning:** Major towns every 7-10 days for groceries, fuel, van services.' artifact='departments/travel/artifacts/plans/20260311T044444Z-r48-resupply-planning-major-towns-every-7-10-days-for-grocer.md' queue=8
[2026-03-11 06:14:49 UTC] run=49 task='**Map multi-day hikes:** 6 Foot Track (3 days, bookable now), Grand Canyon Loop.' artifact='departments/travel/artifacts/plans/20260311T061449Z-r49-map-multi-day-hikes-6-foot-track-3-days-bookable-now-gra.md' queue=8
[2026-03-11 07:44:48 UTC] run=50 task='**Find surf schools:** Beginner-friendly in Byron Bay, Noosa (compare prices, availability).' artifact='departments/travel/artifacts/plans/20260311T074448Z-r50-find-surf-schools-beginner-friendly-in-byron-bay-noosa-c.md' queue=8
[2026-03-11 09:14:43 UTC] run=51 task='**Research dive operators:** Cairns certification courses (PADI Open Water ~3-4 days).' artifact='departments/travel/artifacts/plans/20260311T091443Z-r51-research-dive-operators-cairns-certification-courses-pad.md' queue=8
[2026-03-11 10:44:43 UTC] run=52 task='**Plan van-friendly campsites:** Free/low-cost stops with facilities for 70-day route.' artifact='departments/travel/artifacts/plans/20260311T104443Z-r52-plan-van-friendly-campsites-free-low-cost-stops-with-fac.md' queue=8
[2026-03-11 12:14:46 UTC] run=53 task='**Check road conditions:** Fraser Island (4WD permit), northern QLD wet season closures.' artifact='departments/travel/artifacts/plans/20260311T121446Z-r53-check-road-conditions-fraser-island-4wd-permit-northern-.md' queue=8
[2026-03-11 13:44:47 UTC] run=54 task='**Build day-by-day itinerary:** 70-day plan balancing driving, hiking, surfing, diving, rest.' artifact='departments/travel/artifacts/plans/20260311T134447Z-r54-build-day-by-day-itinerary-70-day-plan-balancing-driving.md' queue=8
[2026-03-11 15:28:29 UTC] run=55 task='**Weather monitoring:** Cyclone season (north QLD), fire danger (NSW).' artifact='departments/travel/artifacts/plans/20260311T152829Z-r55-weather-monitoring-cyclone-season-north-qld-fire-danger-.md' queue=8
[2026-03-11 16:59:19 UTC] run=56 task='**Resupply planning:** Major towns every 7-10 days for groceries, fuel, van services.' artifact='departments/travel/artifacts/plans/20260311T165919Z-r56-resupply-planning-major-towns-every-7-10-days-for-grocer.md' queue=8
[2026-03-11 18:29:19 UTC] run=57 task='**Map multi-day hikes:** 6 Foot Track (3 days, bookable now), Grand Canyon Loop.' artifact='departments/travel/artifacts/plans/20260311T182919Z-r57-map-multi-day-hikes-6-foot-track-3-days-bookable-now-gra.md' queue=8
